<?xml version="1.0" encoding="UTF-8"?>
<!-- Generated by org.testng.reporters.JUnitReportReporter -->
<testsuite hostname="MXTORL1T4MK63" failures="0" tests="2" name="com.opensource.qa.Admin" time="53.867" errors="0" timestamp="18 oct 2021 22:15:30 GMT" skipped="0">
  <testcase classname="com.opensource.qa.Admin" name="TC002_Admin_SearchEmployee_NotExist" time="38.859"/>
  <testcase classname="com.opensource.qa.Admin" name="TC001_Admin_SearchEmployee" time="15.008"/>
</testsuite> <!-- com.opensource.qa.Admin -->
