<?xml version="1.0" encoding="UTF-8"?>
<!-- Generated by org.testng.reporters.JUnitReportReporter -->
<testsuite hostname="MXTORL1T4MK63" failures="0" tests="1" name="com.google.GoogleTest" time="3.044" errors="0" timestamp="22 oct 2021 09:05:58 GMT" skipped="0">
  <testcase classname="com.google.GoogleTest" name="f" time="3.044"/>
</testsuite> <!-- com.google.GoogleTest -->
